[debug] ----------------------------------------------------------------------
[debug] Command:      C:\Program Files (x86)\nodejs\node.exe C:\Users\longe\AppData\Roaming\npm\node_modules\firebase-tools\bin\firebase init
[debug] Platform:     win32
[debug] Node Version: v4.2.2
[debug] Time:         Mon Nov 23 2015 17:51:32 GMT-0800 (Pacific Standard Time)
[debug] ----------------------------------------------------------------------
[debug] 
[warn] !  Initializing in a directory with 4 files
[warn] 
[debug] >>> HTTP REQUEST GET https://admin.firebase.com/account?token=XXX 
[debug] <<< HTTP RESPONSE 200
[debug] ----------------------------------------------------------------------
[debug] Command:      C:\Program Files (x86)\nodejs\node.exe C:\Users\longe\AppData\Roaming\npm\node_modules\firebase-tools\bin\firebase init
[debug] Platform:     win32
[debug] Node Version: v4.2.2
[debug] Time:         Mon Nov 23 2015 17:52:43 GMT-0800 (Pacific Standard Time)
[debug] ----------------------------------------------------------------------
[debug] 
[warn] !  Initializing in a directory with 4 files
[warn] 
[debug] >>> HTTP REQUEST GET https://admin.firebase.com/account?token=XXX 
[debug] <<< HTTP RESPONSE 200
